<?xml version="1.0" encoding="UTF-8"?>
<!-- Generated by org.testng.reporters.JUnitReportReporter -->
<testsuite hostname="TYSS-Sumanth" failures="1" tests="1" name="validationUsingAssert.ValidationOfFacebookLoginPage" time="6.797" errors="0" timestamp="2023-01-12T12:12:50 IST" skipped="0">
  <testcase classname="validationUsingAssert.ValidationOfFacebookLoginPage" name="clickOnLoginWithoutEnteringCredentials" time="6.797">
    <failure message="The following asserts failed:
	Url is mismatched expected [ttps://www.facebook.com/login/device-based/regular/login/?login_attempt=1&amp;lwv=100] but found [https://www.facebook.com/login/device-based/regular/login/?login_attempt=1&amp;lwv=100],
	Border colour of Email text field is mismatched expected [1px solid rgb(240, 0, 73)] but found [1px solid rgb(240, 40, 73)]" type="java.lang.AssertionError">
      <![CDATA[java.lang.AssertionError: The following asserts failed:
Url is mismatched expected [ttps://www.facebook.com/login/device-based/regular/login/?login_attempt=1&lwv=100] but found [https://www.facebook.com/login/device-based/regular/login/?login_attempt=1&lwv=100],
Border colour of Email text field is mismatched expected [1px solid rgb(240, 0, 73)] but found [1px solid rgb(240, 40, 73)]
at org.testng.asserts.SoftAssert.assertAll(SoftAssert.java:47)
at org.testng.asserts.SoftAssert.assertAll(SoftAssert.java:31)
at validationUsingAssert.ValidationOfFacebookLoginPage.clickOnLoginWithoutEnteringCredentials(ValidationOfFacebookLoginPage.java:38)
at java.base/jdk.internal.reflect.NativeMethodAccessorImpl.invoke0(Native Method)
at java.base/jdk.internal.reflect.NativeMethodAccessorImpl.invoke(NativeMethodAccessorImpl.java:62)
at java.base/jdk.internal.reflect.DelegatingMethodAccessorImpl.invoke(DelegatingMethodAccessorImpl.java:43)
at java.base/java.lang.reflect.Method.invoke(Method.java:566)
at org.testng.internal.MethodInvocationHelper.invokeMethod(MethodInvocationHelper.java:132)
at org.testng.internal.TestInvoker.invokeMethod(TestInvoker.java:599)
at org.testng.internal.TestInvoker.invokeTestMethod(TestInvoker.java:174)
at org.testng.internal.MethodRunner.runInSequence(MethodRunner.java:46)
at org.testng.internal.TestInvoker$MethodInvocationAgent.invoke(TestInvoker.java:822)
at org.testng.internal.TestInvoker.invokeTestMethods(TestInvoker.java:147)
at org.testng.internal.TestMethodWorker.invokeTestMethods(TestMethodWorker.java:146)
at org.testng.internal.TestMethodWorker.run(TestMethodWorker.java:128)
at java.base/java.util.ArrayList.forEach(ArrayList.java:1541)
at org.testng.TestRunner.privateRun(TestRunner.java:764)
at org.testng.TestRunner.run(TestRunner.java:585)
at org.testng.SuiteRunner.runTest(SuiteRunner.java:384)
at org.testng.SuiteRunner.runSequentially(SuiteRunner.java:378)
at org.testng.SuiteRunner.privateRun(SuiteRunner.java:337)
at org.testng.SuiteRunner.run(SuiteRunner.java:286)
at org.testng.SuiteRunnerWorker.runSuite(SuiteRunnerWorker.java:53)
at org.testng.SuiteRunnerWorker.run(SuiteRunnerWorker.java:96)
at org.testng.TestNG.runSuitesSequentially(TestNG.java:1218)
at org.testng.TestNG.runSuitesLocally(TestNG.java:1140)
at org.testng.TestNG.runSuites(TestNG.java:1069)
at org.testng.TestNG.run(TestNG.java:1037)
at org.testng.remote.AbstractRemoteTestNG.run(AbstractRemoteTestNG.java:115)
at org.testng.remote.RemoteTestNG.initAndRun(RemoteTestNG.java:251)
at org.testng.remote.RemoteTestNG.main(RemoteTestNG.java:77)
]]>
    </failure>
  </testcase> <!-- clickOnLoginWithoutEnteringCredentials -->
  <system-out>
Empty Chrome browser is launched Browser window is maximized  </system-out>
</testsuite> <!-- validationUsingAssert.ValidationOfFacebookLoginPage -->
